0 info it worked if it ends with ok
1 verbose cli [ '/Users/boitewitte/.nvm/versions/node/v5.5.0/bin/node',
1 verbose cli   '/Users/boitewitte/.nvm/versions/node/v5.5.0/bin/npm',
1 verbose cli   'run',
1 verbose cli   'test' ]
2 info using npm@3.8.5
3 info using node@v5.5.0
4 verbose run-script [ 'pretest', 'test', 'posttest' ]
5 info lifecycle vigour-shutter@4.0.0~pretest: vigour-shutter@4.0.0
6 silly lifecycle vigour-shutter@4.0.0~pretest: no script for pretest, continuing
7 info lifecycle vigour-shutter@4.0.0~test: vigour-shutter@4.0.0
8 verbose lifecycle vigour-shutter@4.0.0~test: unsafe-perm in lifecycle true
9 verbose lifecycle vigour-shutter@4.0.0~test: PATH: /Users/boitewitte/.nvm/versions/node/v5.5.0/lib/node_modules/npm/bin/node-gyp-bin:/Users/boitewitte/Sites/shutter/node_modules/.bin:/Users/boitewitte/.nvm/versions/node/v5.5.0/bin:/Users/boitewitte/.nvm/versions/node/v5.5.0/bin:/usr/local/bin:/usr/bin:/bin:/usr/sbin:/sbin
10 verbose lifecycle vigour-shutter@4.0.0~test: CWD: /Users/boitewitte/Sites/shutter
11 silly lifecycle vigour-shutter@4.0.0~test: Args: [ '-c', 'gaston test -r node -s ./test/node' ]
12 silly lifecycle vigour-shutter@4.0.0~test: Returned: code: 1  signal: null
13 info lifecycle vigour-shutter@4.0.0~test: Failed to exec test script
14 verbose stack Error: vigour-shutter@4.0.0 test: `gaston test -r node -s ./test/node`
14 verbose stack Exit status 1
14 verbose stack     at EventEmitter.<anonymous> (/Users/boitewitte/.nvm/versions/node/v5.5.0/lib/node_modules/npm/lib/utils/lifecycle.js:239:16)
14 verbose stack     at emitTwo (events.js:100:13)
14 verbose stack     at EventEmitter.emit (events.js:185:7)
14 verbose stack     at ChildProcess.<anonymous> (/Users/boitewitte/.nvm/versions/node/v5.5.0/lib/node_modules/npm/lib/utils/spawn.js:24:14)
14 verbose stack     at emitTwo (events.js:100:13)
14 verbose stack     at ChildProcess.emit (events.js:185:7)
14 verbose stack     at maybeClose (internal/child_process.js:821:16)
14 verbose stack     at Process.ChildProcess._handle.onexit (internal/child_process.js:211:5)
15 verbose pkgid vigour-shutter@4.0.0
16 verbose cwd /Users/boitewitte/Sites/shutter
17 error Darwin 15.4.0
18 error argv "/Users/boitewitte/.nvm/versions/node/v5.5.0/bin/node" "/Users/boitewitte/.nvm/versions/node/v5.5.0/bin/npm" "run" "test"
19 error node v5.5.0
20 error npm  v3.8.5
21 error code ELIFECYCLE
22 error vigour-shutter@4.0.0 test: `gaston test -r node -s ./test/node`
22 error Exit status 1
23 error Failed at the vigour-shutter@4.0.0 test script 'gaston test -r node -s ./test/node'.
23 error Make sure you have the latest version of node.js and npm installed.
23 error If you do, this is most likely a problem with the vigour-shutter package,
23 error not with npm itself.
23 error Tell the author that this fails on your system:
23 error     gaston test -r node -s ./test/node
23 error You can get information on how to open an issue for this project with:
23 error     npm bugs vigour-shutter
23 error Or if that isn't available, you can get their info via:
23 error     npm owner ls vigour-shutter
23 error There is likely additional logging output above.
24 verbose exit [ 1, true ]
